app/build/outputs/logs/manifest-merger-debug-report.txt
-- Merging decision tree log ---
manifest
ADDED from src\main\AndroidManifest.xml:2:1-17:12
	xmlns:android
		ADDED from src\main\AndroidManifest.xml:2:11-69
	package
		ADDED from src\main\AndroidManifest.xml:3:4-48
		INJECTED from src\main\AndroidManifest.xml
		INJECTED from src\main\AndroidManifest.xml
	android:versionName
		ADDED from src\main\AndroidManifest.xml:4:28-53
		INJECTED from src\main\AndroidManifest.xml
		INJECTED from src\main\AndroidManifest.xml
	android:versionCode
		ADDED from src\main\AndroidManifest.xml:4:4-27
		INJECTED from src\main\AndroidManifest.xml
		INJECTED from src\main\AndroidManifest.xml
application
ADDED from src\main\AndroidManifest.xml:5:4-15:18
	android:label
		ADDED from src\main\AndroidManifest.xml:6:7-39
	android:icon
		ADDED from src\main\AndroidManifest.xml:5:17-46
activity#com.deitel.favoritetwittersearches.FavoriteTwitterSearches
ADDED from src\main\AndroidManifest.xml:7:7-14:18
	android:windowSoftInputMode
		ADDED from src\main\AndroidManifest.xml:9:10-57
	android:label
		ADDED from src\main\AndroidManifest.xml:8:10-42
	android:name
		ADDED from src\main\AndroidManifest.xml:7:17-56
intent-filter#android.intent.action.MAIN+android.intent.category.LAUNCHER
ADDED from src\main\AndroidManifest.xml:10:10-13:26
action#android.intent.action.MAIN
ADDED from src\main\AndroidManifest.xml:11:13-65
	android:name
		ADDED from src\main\AndroidManifest.xml:11:21-62
category#android.intent.category.LAUNCHER
ADDED from src\main\AndroidManifest.xml:12:13-73
	android:name
		ADDED from src\main\AndroidManifest.xml:12:23-70
uses-sdk
ADDED from src\main\AndroidManifest.xml:16:4-71
	android:targetSdkVersion
		ADDED from src\main\AndroidManifest.xml:16:14-43
		INJECTED from src\main\AndroidManifest.xml
		INJECTED from src\main\AndroidManifest.xml
	android:minSdkVersion
		ADDED from src\main\AndroidManifest.xml:16:44-69
		INJECTED from src\main\AndroidManifest.xml
		INJECTED from src\main\AndroidManifest.xml